<?xml version="1.0" encoding="UTF-8"?>
<!-- Generated by org.testng.reporters.JUnitReportReporter -->
<testsuite hostname="DA16010732" failures="0" tests="2" name="qaclickacademy.AppiumTest" time="0.001" errors="0" timestamp="17 Dec 2019 09:29:30 GMT" skipped="0">
  <testcase classname="qaclickacademy.AppiumTest" name="iosApps" time="0.000"/>
  <testcase classname="qaclickacademy.AppiumTest" name="nativeAppAndroid" time="0.001"/>
</testsuite> <!-- qaclickacademy.AppiumTest -->
